This is pdfTeX, Version 3.14159265-2.6-1.40.21 (MiKTeX 20.6.29) (preloaded format=pdflatex 2020.4.27)  22 JAN 2021 11:29
entering extended mode
**./presentacionFinal.tex
(presentacionFinal.tex
LaTeX2e <2020-02-02> patch level 5
L3 programming layer <2020-04-06>
(/home/carlos/.miktex/texmfs/install/tex/latex/beamer/beamer.cls
Document Class: beamer 2019/09/29 v3.57 A class for typesetting presentations
(/home/carlos/.miktex/texmfs/install/tex/latex/beamer/beamerbasemodes.sty
(/home/carlos/.miktex/texmfs/install/tex/latex/etoolbox/etoolbox.sty
Package: etoolbox 2019/09/21 v2.5h e-TeX tools for LaTeX (JAW)
\etb@tempcnta=\count167
)
\beamer@tempbox=\box45
\beamer@tempcount=\count168
\c@beamerpauses=\count169

(/home/carlos/.miktex/texmfs/install/tex/latex/beamer/beamerbasedecode.sty
\beamer@slideinframe=\count170
\beamer@minimum=\count171
\beamer@decode@box=\box46
)
\beamer@commentbox=\box47
\beamer@modecount=\count172
)
(/home/carlos/.miktex/texmfs/install/tex/generic/iftex/ifpdf.sty
Package: ifpdf 2019/10/25 v3.4 ifpdf legacy package. Use iftex instead.

(/home/carlos/.miktex/texmfs/install/tex/generic/iftex/iftex.sty
Package: iftex 2020/03/06 v1.0d TeX engine tests
))
\headdp=\dimen134
\footheight=\dimen135
\sidebarheight=\dimen136
\beamer@tempdim=\dimen137
\beamer@finalheight=\dimen138
\beamer@animht=\dimen139
\beamer@animdp=\dimen140
\beamer@animwd=\dimen141
\beamer@leftmargin=\dimen142
\beamer@rightmargin=\dimen143
\beamer@leftsidebar=\dimen144
\beamer@rightsidebar=\dimen145
\beamer@boxsize=\dimen146
\beamer@vboxoffset=\dimen147
\beamer@descdefault=\dimen148
\beamer@descriptionwidth=\dimen149
\beamer@lastskip=\skip47
\beamer@areabox=\box48
\beamer@animcurrent=\box49
\beamer@animshowbox=\box50
\beamer@sectionbox=\box51
\beamer@logobox=\box52
\beamer@linebox=\box53
\beamer@sectioncount=\count173
\beamer@subsubsectionmax=\count174
\beamer@subsectionmax=\count175
\beamer@sectionmax=\count176
\beamer@totalheads=\count177
\beamer@headcounter=\count178
\beamer@partstartpage=\count179
\beamer@sectionstartpage=\count180
\beamer@subsectionstartpage=\count181
\beamer@animationtempa=\count182
\beamer@animationtempb=\count183
\beamer@xpos=\count184
\beamer@ypos=\count185
\beamer@ypos@offset=\count186
\beamer@showpartnumber=\count187
\beamer@currentsubsection=\count188
\beamer@coveringdepth=\count189
\beamer@sectionadjust=\count190
\beamer@tocsectionnumber=\count191

(/home/carlos/.miktex/texmfs/install/tex/latex/beamer/beamerbaseoptions.sty
(/home/carlos/.miktex/texmfs/install/tex/latex/graphics/keyval.sty
Package: keyval 2014/10/28 v1.15 key=value parser (DPC)
\KV@toks@=\toks15
))
\beamer@paperwidth=\skip48
\beamer@paperheight=\skip49

(/home/carlos/.miktex/texmfs/install/tex/latex/geometry/geometry.sty
Package: geometry 2020/01/02 v5.9 Page Geometry

(/home/carlos/.miktex/texmfs/install/tex/generic/iftex/ifvtex.sty
Package: ifvtex 2019/10/25 v1.7 ifvtex legacy package. Use iftex instead.
)
\Gm@cnth=\count192
\Gm@cntv=\count193
\c@Gm@tempcnt=\count194
\Gm@bindingoffset=\dimen150
\Gm@wd@mp=\dimen151
\Gm@odd@mp=\dimen152
\Gm@even@mp=\dimen153
\Gm@layoutwidth=\dimen154
\Gm@layoutheight=\dimen155
\Gm@layouthoffset=\dimen156
\Gm@layoutvoffset=\dimen157
\Gm@dimlist=\toks16

(/home/carlos/.miktex/texmfs/install/tex/latex/geometry/geometry.cfg))
(/home/carlos/.miktex/texmfs/install/tex/latex/base/size12.clo
File: size12.clo 2019/12/20 v1.4l Standard LaTeX file (size option)
)
(/home/carlos/.miktex/texmfs/install/tex/latex/pgf/basiclayer/pgfcore.sty
(/home/carlos/.miktex/texmfs/install/tex/latex/graphics/graphicx.sty
Package: graphicx 2019/11/30 v1.2a Enhanced LaTeX Graphics (DPC,SPQR)

(/home/carlos/.miktex/texmfs/install/tex/latex/graphics/graphics.sty
Package: graphics 2019/11/30 v1.4a Standard LaTeX Graphics (DPC,SPQR)

(/home/carlos/.miktex/texmfs/install/tex/latex/graphics/trig.sty
Package: trig 2016/01/03 v1.10 sin cos tan (DPC)
)
(/home/carlos/.miktex/texmfs/install/tex/latex/graphics-cfg/graphics.cfg
File: graphics.cfg 2016/06/04 v1.11 sample graphics configuration
)
Package graphics Info: Driver file: pdftex.def on input line 105.

(/home/carlos/.miktex/texmfs/install/tex/latex/graphics-def/pdftex.def
File: pdftex.def 2018/01/08 v1.0l Graphics/color driver for pdftex
))
\Gin@req@height=\dimen158
\Gin@req@width=\dimen159
)
(/home/carlos/.miktex/texmfs/install/tex/latex/pgf/systemlayer/pgfsys.sty
(/home/carlos/.miktex/texmfs/install/tex/latex/pgf/utilities/pgfrcs.sty
(/home/carlos/.miktex/texmfs/install/tex/generic/pgf/utilities/pgfutil-common.t
ex
\pgfutil@everybye=\toks17
\pgfutil@tempdima=\dimen160
\pgfutil@tempdimb=\dimen161

(/home/carlos/.miktex/texmfs/install/tex/generic/pgf/utilities/pgfutil-common-l
ists.tex))
(/home/carlos/.miktex/texmfs/install/tex/generic/pgf/utilities/pgfutil-latex.de
f
\pgfutil@abb=\box54
 (/home/carlos/.miktex/texmfs/install/tex/latex/ms/everyshi.sty
Package: everyshi 2001/05/15 v3.00 EveryShipout Package (MS)
))
(/home/carlos/.miktex/texmfs/install/tex/generic/pgf/utilities/pgfrcs.code.tex
(/home/carlos/.miktex/texmfs/install/tex/generic/pgf/pgf.revision.tex)
Package: pgfrcs 2020/01/08 v3.1.5b (3.1.5b)
))
(/home/carlos/.miktex/texmfs/install/tex/generic/pgf/systemlayer/pgfsys.code.te
x
Package: pgfsys 2020/01/08 v3.1.5b (3.1.5b)

(/home/carlos/.miktex/texmfs/install/tex/generic/pgf/utilities/pgfkeys.code.tex
\pgfkeys@pathtoks=\toks18
\pgfkeys@temptoks=\toks19

(/home/carlos/.miktex/texmfs/install/tex/generic/pgf/utilities/pgfkeysfiltered.
code.tex
\pgfkeys@tmptoks=\toks20
))
\pgf@x=\dimen162
\pgf@y=\dimen163
\pgf@xa=\dimen164
\pgf@ya=\dimen165
\pgf@xb=\dimen166
\pgf@yb=\dimen167
\pgf@xc=\dimen168
\pgf@yc=\dimen169
\pgf@xd=\dimen170
\pgf@yd=\dimen171
\w@pgf@writea=\write3
\r@pgf@reada=\read2
\c@pgf@counta=\count195
\c@pgf@countb=\count196
\c@pgf@countc=\count197
\c@pgf@countd=\count198
\t@pgf@toka=\toks21
\t@pgf@tokb=\toks22
\t@pgf@tokc=\toks23
\pgf@sys@id@count=\count199

(/home/carlos/.miktex/texmfs/install/tex/generic/pgf/systemlayer/pgf.cfg
File: pgf.cfg 2020/01/08 v3.1.5b (3.1.5b)
)
Driver file for pgf: pgfsys-pdftex.def

(/home/carlos/.miktex/texmfs/install/tex/generic/pgf/systemlayer/pgfsys-pdftex.
def
File: pgfsys-pdftex.def 2020/01/08 v3.1.5b (3.1.5b)

(/home/carlos/.miktex/texmfs/install/tex/generic/pgf/systemlayer/pgfsys-common-
pdf.def
File: pgfsys-common-pdf.def 2020/01/08 v3.1.5b (3.1.5b)
)))
(/home/carlos/.miktex/texmfs/install/tex/generic/pgf/systemlayer/pgfsyssoftpath
.code.tex
File: pgfsyssoftpath.code.tex 2020/01/08 v3.1.5b (3.1.5b)
\pgfsyssoftpath@smallbuffer@items=\count266
\pgfsyssoftpath@bigbuffer@items=\count267
)
(/home/carlos/.miktex/texmfs/install/tex/generic/pgf/systemlayer/pgfsysprotocol
.code.tex
File: pgfsysprotocol.code.tex 2020/01/08 v3.1.5b (3.1.5b)
)) (/home/carlos/.miktex/texmfs/install/tex/latex/xcolor/xcolor.sty
Package: xcolor 2016/05/11 v2.12 LaTeX color extensions (UK)

(/home/carlos/.miktex/texmfs/install/tex/latex/graphics-cfg/color.cfg
File: color.cfg 2016/01/02 v1.6 sample color configuration
)
Package xcolor Info: Driver file: pdftex.def on input line 225.
Package xcolor Info: Model `cmy' substituted by `cmy0' on input line 1348.
Package xcolor Info: Model `hsb' substituted by `rgb' on input line 1352.
Package xcolor Info: Model `RGB' extended on input line 1364.
Package xcolor Info: Model `HTML' substituted by `rgb' on input line 1366.
Package xcolor Info: Model `Hsb' substituted by `hsb' on input line 1367.
Package xcolor Info: Model `tHsb' substituted by `hsb' on input line 1368.
Package xcolor Info: Model `HSB' substituted by `hsb' on input line 1369.
Package xcolor Info: Model `Gray' substituted by `gray' on input line 1370.
Package xcolor Info: Model `wave' substituted by `hsb' on input line 1371.
)
(/home/carlos/.miktex/texmfs/install/tex/generic/pgf/basiclayer/pgfcore.code.te
x
Package: pgfcore 2020/01/08 v3.1.5b (3.1.5b)
 (/home/carlos/.miktex/texmfs/install/tex/generic/pgf/math/pgfmath.code.tex
(/home/carlos/.miktex/texmfs/install/tex/generic/pgf/math/pgfmathcalc.code.tex
(/home/carlos/.miktex/texmfs/install/tex/generic/pgf/math/pgfmathutil.code.tex)

(/home/carlos/.miktex/texmfs/install/tex/generic/pgf/math/pgfmathparser.code.te
x
\pgfmath@dimen=\dimen172
\pgfmath@count=\count268
\pgfmath@box=\box55
\pgfmath@toks=\toks24
\pgfmath@stack@operand=\toks25
\pgfmath@stack@operation=\toks26
)
(/home/carlos/.miktex/texmfs/install/tex/generic/pgf/math/pgfmathfunctions.code
.tex
(/home/carlos/.miktex/texmfs/install/tex/generic/pgf/math/pgfmathfunctions.basi
c.code.tex)
(/home/carlos/.miktex/texmfs/install/tex/generic/pgf/math/pgfmathfunctions.trig
onometric.code.tex)
(/home/carlos/.miktex/texmfs/install/tex/generic/pgf/math/pgfmathfunctions.rand
om.code.tex)
(/home/carlos/.miktex/texmfs/install/tex/generic/pgf/math/pgfmathfunctions.comp
arison.code.tex)
(/home/carlos/.miktex/texmfs/install/tex/generic/pgf/math/pgfmathfunctions.base
.code.tex)
(/home/carlos/.miktex/texmfs/install/tex/generic/pgf/math/pgfmathfunctions.roun
d.code.tex)
(/home/carlos/.miktex/texmfs/install/tex/generic/pgf/math/pgfmathfunctions.misc
.code.tex)
(/home/carlos/.miktex/texmfs/install/tex/generic/pgf/math/pgfmathfunctions.inte
gerarithmetics.code.tex)))
(/home/carlos/.miktex/texmfs/install/tex/generic/pgf/math/pgfmathfloat.code.tex
\c@pgfmathroundto@lastzeros=\count269
)) (/home/carlos/.miktex/texmfs/install/tex/generic/pgf/math/pgfint.code.tex)
(/home/carlos/.miktex/texmfs/install/tex/generic/pgf/basiclayer/pgfcorepoints.c
ode.tex
File: pgfcorepoints.code.tex 2020/01/08 v3.1.5b (3.1.5b)
\pgf@picminx=\dimen173
\pgf@picmaxx=\dimen174
\pgf@picminy=\dimen175
\pgf@picmaxy=\dimen176
\pgf@pathminx=\dimen177
\pgf@pathmaxx=\dimen178
\pgf@pathminy=\dimen179
\pgf@pathmaxy=\dimen180
\pgf@xx=\dimen181
\pgf@xy=\dimen182
\pgf@yx=\dimen183
\pgf@yy=\dimen184
\pgf@zx=\dimen185
\pgf@zy=\dimen186
)
(/home/carlos/.miktex/texmfs/install/tex/generic/pgf/basiclayer/pgfcorepathcons
truct.code.tex
File: pgfcorepathconstruct.code.tex 2020/01/08 v3.1.5b (3.1.5b)
\pgf@path@lastx=\dimen187
\pgf@path@lasty=\dimen188
)
(/home/carlos/.miktex/texmfs/install/tex/generic/pgf/basiclayer/pgfcorepathusag
e.code.tex
File: pgfcorepathusage.code.tex 2020/01/08 v3.1.5b (3.1.5b)
\pgf@shorten@end@additional=\dimen189
\pgf@shorten@start@additional=\dimen190
)
(/home/carlos/.miktex/texmfs/install/tex/generic/pgf/basiclayer/pgfcorescopes.c
ode.tex
File: pgfcorescopes.code.tex 2020/01/08 v3.1.5b (3.1.5b)
\pgfpic=\box56
\pgf@hbox=\box57
\pgf@layerbox@main=\box58
\pgf@picture@serial@count=\count270
)
(/home/carlos/.miktex/texmfs/install/tex/generic/pgf/basiclayer/pgfcoregraphics
tate.code.tex
File: pgfcoregraphicstate.code.tex 2020/01/08 v3.1.5b (3.1.5b)
\pgflinewidth=\dimen191
)
(/home/carlos/.miktex/texmfs/install/tex/generic/pgf/basiclayer/pgfcoretransfor
mations.code.tex
File: pgfcoretransformations.code.tex 2020/01/08 v3.1.5b (3.1.5b)
\pgf@pt@x=\dimen192
\pgf@pt@y=\dimen193
\pgf@pt@temp=\dimen194
)
(/home/carlos/.miktex/texmfs/install/tex/generic/pgf/basiclayer/pgfcorequick.co
de.tex
File: pgfcorequick.code.tex 2020/01/08 v3.1.5b (3.1.5b)
)
(/home/carlos/.miktex/texmfs/install/tex/generic/pgf/basiclayer/pgfcoreobjects.
code.tex
File: pgfcoreobjects.code.tex 2020/01/08 v3.1.5b (3.1.5b)
)
(/home/carlos/.miktex/texmfs/install/tex/generic/pgf/basiclayer/pgfcorepathproc
essing.code.tex
File: pgfcorepathprocessing.code.tex 2020/01/08 v3.1.5b (3.1.5b)
)
(/home/carlos/.miktex/texmfs/install/tex/generic/pgf/basiclayer/pgfcorearrows.c
ode.tex
File: pgfcorearrows.code.tex 2020/01/08 v3.1.5b (3.1.5b)
\pgfarrowsep=\dimen195
)
(/home/carlos/.miktex/texmfs/install/tex/generic/pgf/basiclayer/pgfcoreshade.co
de.tex
File: pgfcoreshade.code.tex 2020/01/08 v3.1.5b (3.1.5b)
\pgf@max=\dimen196
\pgf@sys@shading@range@num=\count271
\pgf@shadingcount=\count272
)
(/home/carlos/.miktex/texmfs/install/tex/generic/pgf/basiclayer/pgfcoreimage.co
de.tex
File: pgfcoreimage.code.tex 2020/01/08 v3.1.5b (3.1.5b)

(/home/carlos/.miktex/texmfs/install/tex/generic/pgf/basiclayer/pgfcoreexternal
.code.tex
File: pgfcoreexternal.code.tex 2020/01/08 v3.1.5b (3.1.5b)
\pgfexternal@startupbox=\box59
))
(/home/carlos/.miktex/texmfs/install/tex/generic/pgf/basiclayer/pgfcorelayers.c
ode.tex
File: pgfcorelayers.code.tex 2020/01/08 v3.1.5b (3.1.5b)
)
(/home/carlos/.miktex/texmfs/install/tex/generic/pgf/basiclayer/pgfcoretranspar
ency.code.tex
File: pgfcoretransparency.code.tex 2020/01/08 v3.1.5b (3.1.5b)
)
(/home/carlos/.miktex/texmfs/install/tex/generic/pgf/basiclayer/pgfcorepatterns
.code.tex
File: pgfcorepatterns.code.tex 2020/01/08 v3.1.5b (3.1.5b)
)
(/home/carlos/.miktex/texmfs/install/tex/generic/pgf/basiclayer/pgfcorerdf.code
.tex
File: pgfcorerdf.code.tex 2020/01/08 v3.1.5b (3.1.5b)
)))
(/home/carlos/.miktex/texmfs/install/tex/latex/pgf/utilities/xxcolor.sty
Package: xxcolor 2003/10/24 ver 0.1
\XC@nummixins=\count273
\XC@countmixins=\count274
)
(/home/carlos/.miktex/texmfs/install/tex/generic/atbegshi/atbegshi.sty
Package: atbegshi 2019/12/05 v1.19 At begin shipout hook (HO)

(/home/carlos/.miktex/texmfs/install/tex/generic/infwarerr/infwarerr.sty
Package: infwarerr 2019/12/03 v1.5 Providing info/warning/error messages (HO)
)
(/home/carlos/.miktex/texmfs/install/tex/generic/ltxcmds/ltxcmds.sty
Package: ltxcmds 2019/12/15 v1.24 LaTeX kernel commands for general use (HO)
))
(/home/carlos/.miktex/texmfs/install/tex/latex/hyperref/hyperref.sty
Package: hyperref 2020/01/14 v7.00d Hypertext links for LaTeX

(/home/carlos/.miktex/texmfs/install/tex/latex/pdftexcmds/pdftexcmds.sty
Package: pdftexcmds 2019/11/24 v0.31 Utility functions of pdfTeX for LuaTeX (HO
)
Package pdftexcmds Info: \pdf@primitive is available.
Package pdftexcmds Info: \pdf@ifprimitive is available.
Package pdftexcmds Info: \pdfdraftmode found.
)
(/home/carlos/.miktex/texmfs/install/tex/generic/kvsetkeys/kvsetkeys.sty
Package: kvsetkeys 2019/12/15 v1.18 Key value parser (HO)
)
(/home/carlos/.miktex/texmfs/install/tex/generic/kvdefinekeys/kvdefinekeys.sty
Package: kvdefinekeys 2019-12-19 v1.6 Define keys (HO)
) (/home/carlos/.miktex/texmfs/install/tex/generic/pdfescape/pdfescape.sty
Package: pdfescape 2019/12/09 v1.15 Implements pdfTeX's escape features (HO)
)
(/home/carlos/.miktex/texmfs/install/tex/latex/hycolor/hycolor.sty
Package: hycolor 2020-01-27 v1.10 Color options for hyperref/bookmark (HO)
)
(/home/carlos/.miktex/texmfs/install/tex/latex/letltxmacro/letltxmacro.sty
Package: letltxmacro 2019/12/03 v1.6 Let assignment for LaTeX macros (HO)
)
(/home/carlos/.miktex/texmfs/install/tex/latex/auxhook/auxhook.sty
Package: auxhook 2019-12-17 v1.6 Hooks for auxiliary files (HO)
)
(/home/carlos/.miktex/texmfs/install/tex/latex/kvoptions/kvoptions.sty
Package: kvoptions 2019/11/29 v3.13 Key value format for package options (HO)
)
\@linkdim=\dimen197
\Hy@linkcounter=\count275
\Hy@pagecounter=\count276

(/home/carlos/.miktex/texmfs/install/tex/latex/hyperref/pd1enc.def
File: pd1enc.def 2020/01/14 v7.00d Hyperref: PDFDocEncoding definition (HO)
Now handling font encoding PD1 ...
... no UTF-8 mapping file for font encoding PD1
)
(/home/carlos/.miktex/texmfs/install/tex/generic/intcalc/intcalc.sty
Package: intcalc 2019/12/15 v1.3 Expandable calculations with integers (HO)
)
(/home/carlos/.miktex/texmfs/install/tex/generic/etexcmds/etexcmds.sty
Package: etexcmds 2019/12/15 v1.7 Avoid name clashes with e-TeX commands (HO)
)
\Hy@SavedSpaceFactor=\count277
Package hyperref Info: Option `bookmarks' set `true' on input line 4421.
Package hyperref Info: Option `bookmarksopen' set `true' on input line 4421.
Package hyperref Info: Option `implicit' set `false' on input line 4421.
Package hyperref Info: Hyper figures OFF on input line 4547.
Package hyperref Info: Link nesting OFF on input line 4552.
Package hyperref Info: Hyper index ON on input line 4555.
Package hyperref Info: Plain pages OFF on input line 4562.
Package hyperref Info: Backreferencing OFF on input line 4567.
Package hyperref Info: Implicit mode OFF; no redefinition of LaTeX internals.
Package hyperref Info: Bookmarks ON on input line 4800.
\c@Hy@tempcnt=\count278

(/home/carlos/.miktex/texmfs/install/tex/latex/url/url.sty
\Urlmuskip=\muskip16
Package: url 2013/09/16  ver 3.4  Verb mode for urls, etc.
)
LaTeX Info: Redefining \url on input line 5159.
\XeTeXLinkMargin=\dimen198

(/home/carlos/.miktex/texmfs/install/tex/generic/bitset/bitset.sty
Package: bitset 2019/12/09 v1.3 Handle bit-vector datatype (HO)

(/home/carlos/.miktex/texmfs/install/tex/generic/bigintcalc/bigintcalc.sty
Package: bigintcalc 2019/12/15 v1.5 Expandable calculations on big integers (HO
)
))
\Fld@menulength=\count279
\Field@Width=\dimen199
\Fld@charsize=\dimen256
Package hyperref Info: Hyper figures OFF on input line 6430.
Package hyperref Info: Link nesting OFF on input line 6435.
Package hyperref Info: Hyper index ON on input line 6438.
Package hyperref Info: backreferencing OFF on input line 6445.
Package hyperref Info: Link coloring OFF on input line 6450.
Package hyperref Info: Link coloring with OCG OFF on input line 6455.
Package hyperref Info: PDF/A mode OFF on input line 6460.
LaTeX Info: Redefining \ref on input line 6500.
LaTeX Info: Redefining \pageref on input line 6504.
\Hy@abspage=\count280


Package hyperref Message: Stopped early.

)
Package hyperref Info: Driver (autodetected): hpdftex.
 (/home/carlos/.miktex/texmfs/install/tex/latex/hyperref/hpdftex.def
File: hpdftex.def 2020/01/14 v7.00d Hyperref driver for pdfTeX

(/home/carlos/.miktex/texmfs/install/tex/latex/atveryend/atveryend.sty
Package: atveryend 2019-12-11 v1.11 Hooks at the very end of document (HO)
)
\Fld@listcount=\count281
\c@bookmark@seq@number=\count282

(/home/carlos/.miktex/texmfs/install/tex/latex/rerunfilecheck/rerunfilecheck.st
y
Package: rerunfilecheck 2019/12/05 v1.9 Rerun checks for auxiliary files (HO)

(/home/carlos/.miktex/texmfs/install/tex/generic/uniquecounter/uniquecounter.st
y
Package: uniquecounter 2019/12/15 v1.4 Provide unlimited unique counter (HO)
)
Package uniquecounter Info: New unique counter `rerunfilecheck' on input line 2
86.
))
(/home/carlos/.miktex/texmfs/install/tex/latex/beamer/beamerbaserequires.sty
(/home/carlos/.miktex/texmfs/install/tex/latex/beamer/beamerbasecompatibility.s
ty) (/home/carlos/.miktex/texmfs/install/tex/latex/beamer/beamerbasefont.sty
(/home/carlos/.miktex/texmfs/install/tex/latex/amsfonts/amssymb.sty
Package: amssymb 2013/01/14 v3.01 AMS font symbols

(/home/carlos/.miktex/texmfs/install/tex/latex/amsfonts/amsfonts.sty
Package: amsfonts 2013/01/14 v3.01 Basic AMSFonts support
\@emptytoks=\toks27
\symAMSa=\mathgroup4
\symAMSb=\mathgroup5
LaTeX Font Info:    Redeclaring math symbol \hbar on input line 98.
LaTeX Font Info:    Overwriting math alphabet `\mathfrak' in version `bold'
(Font)                  U/euf/m/n --> U/euf/b/n on input line 106.
))
(/home/carlos/.miktex/texmfs/install/tex/latex/sansmathaccent/sansmathaccent.st
y
Package: sansmathaccent 2020/01/31
 (/home/carlos/.miktex/texmfs/install/tex/latex/koma-script/scrlfile.sty
Package: scrlfile 2020/04/19 v3.30 KOMA-Script package (loading files)
)))
(/home/carlos/.miktex/texmfs/install/tex/latex/beamer/beamerbasetranslator.sty
(/home/carlos/.miktex/texmfs/install/tex/latex/translator/translator.sty
Package: translator 2019-05-31 v1.12a Easy translation of strings in LaTeX
))
(/home/carlos/.miktex/texmfs/install/tex/latex/beamer/beamerbasemisc.sty)
(/home/carlos/.miktex/texmfs/install/tex/latex/beamer/beamerbasetwoscreens.sty)
(/home/carlos/.miktex/texmfs/install/tex/latex/beamer/beamerbaseoverlay.sty
\beamer@argscount=\count283
\beamer@lastskipcover=\skip50
\beamer@trivlistdepth=\count284
)
(/home/carlos/.miktex/texmfs/install/tex/latex/beamer/beamerbasetitle.sty)
(/home/carlos/.miktex/texmfs/install/tex/latex/beamer/beamerbasesection.sty
\c@lecture=\count285
\c@part=\count286
\c@section=\count287
\c@subsection=\count288
\c@subsubsection=\count289
)
(/home/carlos/.miktex/texmfs/install/tex/latex/beamer/beamerbaseframe.sty
\beamer@framebox=\box60
\beamer@frametitlebox=\box61
\beamer@zoombox=\box62
\beamer@zoomcount=\count290
\beamer@zoomframecount=\count291
\beamer@frametextheight=\dimen257
\c@subsectionslide=\count292
\beamer@frametopskip=\skip51
\beamer@framebottomskip=\skip52
\beamer@frametopskipautobreak=\skip53
\beamer@framebottomskipautobreak=\skip54
\beamer@envbody=\toks28
\framewidth=\dimen258
\c@framenumber=\count293
)
(/home/carlos/.miktex/texmfs/install/tex/latex/beamer/beamerbaseverbatim.sty
\beamer@verbatimfileout=\write4
)
(/home/carlos/.miktex/texmfs/install/tex/latex/beamer/beamerbaseframesize.sty
\beamer@splitbox=\box63
\beamer@autobreakcount=\count294
\beamer@autobreaklastheight=\dimen259
\beamer@frametitletoks=\toks29
\beamer@framesubtitletoks=\toks30
)
(/home/carlos/.miktex/texmfs/install/tex/latex/beamer/beamerbaseframecomponents
.sty
\beamer@footins=\box64
) (/home/carlos/.miktex/texmfs/install/tex/latex/beamer/beamerbasecolor.sty) (/
home/carlos/.miktex/texmfs/install/tex/latex/beamer/beamerbasenotes.sty
\beamer@frameboxcopy=\box65
)
(/home/carlos/.miktex/texmfs/install/tex/latex/beamer/beamerbasetoc.sty)
(/home/carlos/.miktex/texmfs/install/tex/latex/beamer/beamerbasetemplates.sty
\beamer@sbttoks=\toks31

(/home/carlos/.miktex/texmfs/install/tex/latex/beamer/beamerbaseauxtemplates.st
y (/home/carlos/.miktex/texmfs/install/tex/latex/beamer/beamerbaseboxes.sty
\bmb@box=\box66
\bmb@colorbox=\box67
\bmb@boxshadow=\box68
\bmb@boxshadowball=\box69
\bmb@boxshadowballlarge=\box70
\bmb@temp=\dimen260
\bmb@dima=\dimen261
\bmb@dimb=\dimen262
\bmb@prevheight=\dimen263
)
\beamer@blockheadheight=\dimen264
))
(/home/carlos/.miktex/texmfs/install/tex/latex/beamer/beamerbaselocalstructure.
sty (/home/carlos/.miktex/texmfs/install/tex/latex/tools/enumerate.sty
Package: enumerate 2015/07/23 v3.00 enumerate extensions (DPC)
\@enLab=\toks32
)
\c@figure=\count295
\c@table=\count296
\abovecaptionskip=\skip55
\belowcaptionskip=\skip56
)
(/home/carlos/.miktex/texmfs/install/tex/latex/beamer/beamerbasenavigation.sty
\beamer@section@min@dim=\dimen265
) (/home/carlos/.miktex/texmfs/install/tex/latex/beamer/beamerbasetheorems.sty
(/home/carlos/.miktex/texmfs/install/tex/latex/amsmath/amsmath.sty
Package: amsmath 2020/01/20 v2.17e AMS math features
\@mathmargin=\skip57

For additional information on amsmath, use the `?' option.
(/home/carlos/.miktex/texmfs/install/tex/latex/amsmath/amstext.sty
Package: amstext 2000/06/29 v2.01 AMS text

(/home/carlos/.miktex/texmfs/install/tex/latex/amsmath/amsgen.sty
File: amsgen.sty 1999/11/30 v2.0 generic functions
\@emptytoks=\toks33
\ex@=\dimen266
))
(/home/carlos/.miktex/texmfs/install/tex/latex/amsmath/amsbsy.sty
Package: amsbsy 1999/11/29 v1.2d Bold Symbols
\pmbraise@=\dimen267
)
(/home/carlos/.miktex/texmfs/install/tex/latex/amsmath/amsopn.sty
Package: amsopn 2016/03/08 v2.02 operator names
)
\inf@bad=\count297
LaTeX Info: Redefining \frac on input line 227.
\uproot@=\count298
\leftroot@=\count299
LaTeX Info: Redefining \overline on input line 389.
\classnum@=\count300
\DOTSCASE@=\count301
LaTeX Info: Redefining \ldots on input line 486.
LaTeX Info: Redefining \dots on input line 489.
LaTeX Info: Redefining \cdots on input line 610.
\Mathstrutbox@=\box71
\strutbox@=\box72
\big@size=\dimen268
LaTeX Font Info:    Redeclaring font encoding OML on input line 733.
LaTeX Font Info:    Redeclaring font encoding OMS on input line 734.
\macc@depth=\count302
\c@MaxMatrixCols=\count303
\dotsspace@=\muskip17
\c@parentequation=\count304
\dspbrk@lvl=\count305
\tag@help=\toks34
\row@=\count306
\column@=\count307
\maxfields@=\count308
\andhelp@=\toks35
\eqnshift@=\dimen269
\alignsep@=\dimen270
\tagshift@=\dimen271
\tagwidth@=\dimen272
\totwidth@=\dimen273
\lineht@=\dimen274
\@envbody=\toks36
\multlinegap=\skip58
\multlinetaggap=\skip59
\mathdisplay@stack=\toks37
LaTeX Info: Redefining \[ on input line 2859.
LaTeX Info: Redefining \] on input line 2860.
)
(/home/carlos/.miktex/texmfs/install/tex/latex/amscls/amsthm.sty
Package: amsthm 2017/10/31 v2.20.4
\thm@style=\toks38
\thm@bodyfont=\toks39
\thm@headfont=\toks40
\thm@notefont=\toks41
\thm@headpunct=\toks42
\thm@preskip=\skip60
\thm@postskip=\skip61
\thm@headsep=\skip62
\dth@everypar=\toks43
)
\c@theorem=\count309
)
(/home/carlos/.miktex/texmfs/install/tex/latex/beamer/beamerbasethemes.sty))
(/home/carlos/.miktex/texmfs/install/tex/latex/beamer/beamerthemedefault.sty
(/home/carlos/.miktex/texmfs/install/tex/latex/beamer/beamerfontthemedefault.st
y)
(/home/carlos/.miktex/texmfs/install/tex/latex/beamer/beamercolorthemedefault.s
ty)
(/home/carlos/.miktex/texmfs/install/tex/latex/beamer/beamerinnerthemedefault.s
ty
\beamer@dima=\dimen275
\beamer@dimb=\dimen276
)
(/home/carlos/.miktex/texmfs/install/tex/latex/beamer/beamerouterthemedefault.s
ty))) (/home/carlos/.miktex/texmfs/install/tex/latex/base/inputenc.sty
Package: inputenc 2018/08/11 v1.3c Input encoding file
\inpenc@prehook=\toks44
\inpenc@posthook=\toks45
)
(/home/carlos/.miktex/texmfs/install/tex/generic/babel/babel.sty
Package: babel 2020/03/22 3.42 The Babel package

(/home/carlos/.miktex/texmfs/install/tex/generic/babel/switch.def
File: switch.def 2020/03/22 3.42 Babel switching mechanism
)
*************************************
* Local config file bblopts.cfg used
*
(/home/carlos/.miktex/texmfs/install/tex/latex/arabi/bblopts.cfg
File: bblopts.cfg 2005/09/08 v0.1 add Arabic and Farsi to "declared" options of
 babel
)
(/home/carlos/.miktex/texmfs/install/tex/latex/babel-spanish/spanish.ldf
Language: spanish.ldf 2016/03/03 v5.0p Spanish support from the babel system

(/home/carlos/.miktex/texmfs/install/tex/generic/babel/babel.def
File: babel.def 2020/03/22 3.42 Babel common definitions
\babel@savecnt=\count310
\U@D=\dimen277

(/home/carlos/.miktex/texmfs/install/tex/generic/babel/txtbabel.def)
\bbl@readstream=\read3
LaTeX Info: Redefining \textlatin on input line 2435.
\bbl@dirlevel=\count311
)
\es@quottoks=\toks46
\es@quotdepth=\count312
Package babel Info: Making " an active character on input line 561.
Package babel Info: Making . an active character on input line 662.
Package babel Info: Making < an active character on input line 707.
Package babel Info: Making > an active character on input line 707.
))
(/home/carlos/.miktex/texmfs/install/tex/latex/jknappen/mathrsfs.sty
Package: mathrsfs 1996/01/01 Math RSFS package v1.0 (jk)
\symrsfs=\mathgroup6
)
(/home/carlos/.miktex/texmfs/install/tex/latex/outlines/outlines.sty
Package: outlines 2012/1/23 1.1 Ch. Pecheur

(/home/carlos/.miktex/texmfs/install/tex/latex/base/ifthen.sty
Package: ifthen 2014/09/29 v1.1c Standard LaTeX ifthen package (DPC)
))
(/home/carlos/.miktex/texmfs/install/tex/latex/beamer/beamerthemeGoettingen.sty

(/home/carlos/.miktex/texmfs/install/tex/latex/beamer/beamerouterthemesidebar.s
ty
\beamer@sidebarwidth=\dimen278
\beamer@headheight=\dimen279
))
(/home/carlos/.miktex/texmfs/install/tex/latex/l3backend/l3backend-pdfmode.def
File: l3backend-pdfmode.def 2020-03-12 L3 backend support: PDF mode
\l__kernel_color_stack_int=\count313
\l__pdf_internal_box=\box73
) (presentacionFinal.aux
LaTeX Info: Redefining \. on input line 24.
LaTeX Info: Redefining \% on input line 24.
)
\openout1 = `presentacionFinal.aux'.

LaTeX Font Info:    Checking defaults for OML/cmm/m/it on input line 15.
LaTeX Font Info:    ... okay on input line 15.
LaTeX Font Info:    Checking defaults for OMS/cmsy/m/n on input line 15.
LaTeX Font Info:    ... okay on input line 15.
LaTeX Font Info:    Checking defaults for OT1/cmr/m/n on input line 15.
LaTeX Font Info:    ... okay on input line 15.
LaTeX Font Info:    Checking defaults for T1/cmr/m/n on input line 15.
LaTeX Font Info:    ... okay on input line 15.
LaTeX Font Info:    Checking defaults for TS1/cmr/m/n on input line 15.
LaTeX Font Info:    ... okay on input line 15.
LaTeX Font Info:    Checking defaults for OMX/cmex/m/n on input line 15.
LaTeX Font Info:    ... okay on input line 15.
LaTeX Font Info:    Checking defaults for U/cmr/m/n on input line 15.
LaTeX Font Info:    ... okay on input line 15.
LaTeX Font Info:    Checking defaults for PD1/pdf/m/n on input line 15.
LaTeX Font Info:    ... okay on input line 15.

*geometry* driver: auto-detecting
*geometry* detected driver: pdftex
*geometry* verbose mode - [ preamble ] result:
* driver: pdftex
* paper: custom
* layout: <same size as paper>
* layoutoffset:(h,v)=(0.0pt,0.0pt)
* modes: includehead includefoot 
* h-part:(L,W,R)=(14.22636pt, 278.83713pt, 71.13187pt)
* v-part:(T,H,B)=(0.0pt, 273.14662pt, 0.0pt)
* \paperwidth=364.19536pt
* \paperheight=273.14662pt
* \textwidth=278.83713pt
* \textheight=244.6939pt
* \oddsidemargin=-58.04362pt
* \evensidemargin=-58.04362pt
* \topmargin=-72.26999pt
* \headheight=14.22636pt
* \headsep=0.0pt
* \topskip=12.0pt
* \footskip=14.22636pt
* \marginparwidth=4.0pt
* \marginparsep=10.0pt
* \columnsep=10.0pt
* \skip\footins=10.8pt plus 4.0pt minus 2.0pt
* \hoffset=0.0pt
* \voffset=0.0pt
* \mag=1000
* \@twocolumnfalse
* \@twosidefalse
* \@mparswitchfalse
* \@reversemarginfalse
* (1in=72.27pt=25.4mm, 1cm=28.453pt)

(/home/carlos/.miktex/texmfs/install/tex/context/base/mkii/supp-pdf.mkii
[Loading MPS to PDF converter (version 2006.09.02).]
\scratchcounter=\count314
\scratchdimen=\dimen280
\scratchbox=\box74
\nofMPsegments=\count315
\nofMParguments=\count316
\everyMPshowfont=\toks47
\MPscratchCnt=\count317
\MPscratchDim=\dimen281
\MPnumerator=\count318
\makeMPintoPDFobject=\count319
\everyMPtoPDFconversion=\toks48
) (/home/carlos/.miktex/texmfs/install/tex/latex/epstopdf-pkg/epstopdf-base.sty
Package: epstopdf-base 2020-01-24 v2.11 Base part for package epstopdf
Package epstopdf-base Info: Redefining graphics rule for `.eps' on input line 4
85.
) ABD: EveryShipout initializing macros
\AtBeginShipoutBox=\box75
Package hyperref Info: Link coloring OFF on input line 15.

(/home/carlos/.miktex/texmfs/install/tex/latex/hyperref/nameref.sty
Package: nameref 2019/09/16 v2.46 Cross-referencing by name of section

(/home/carlos/.miktex/texmfs/install/tex/latex/refcount/refcount.sty
Package: refcount 2019/12/15 v3.6 Data extraction from label references (HO)
)
(/home/carlos/.miktex/texmfs/install/tex/generic/gettitlestring/gettitlestring.
sty
Package: gettitlestring 2019/12/15 v1.6 Cleanup title references (HO)
)
\c@section@level=\count320
)
LaTeX Info: Redefining \ref on input line 15.
LaTeX Info: Redefining \pageref on input line 15.
LaTeX Info: Redefining \nameref on input line 15.
 (presentacionFinal.out) (presentacionFinal.out)
\@outlinefile=\write5
\openout5 = `presentacionFinal.out'.

LaTeX Font Info:    Overwriting symbol font `operators' in version `normal'
(Font)                  OT1/cmr/m/n --> OT1/cmss/m/n on input line 15.
LaTeX Font Info:    Overwriting symbol font `operators' in version `bold'
(Font)                  OT1/cmr/bx/n --> OT1/cmss/b/n on input line 15.
\symnumbers=\mathgroup7
\sympureletters=\mathgroup8
LaTeX Font Info:    Overwriting math alphabet `\mathrm' in version `normal'
(Font)                  OT1/cmss/m/n --> OT1/cmr/m/n on input line 15.
LaTeX Font Info:    Redeclaring math alphabet \mathbf on input line 15.
LaTeX Font Info:    Overwriting math alphabet `\mathbf' in version `normal'
(Font)                  OT1/cmr/bx/n --> OT1/cmss/b/n on input line 15.
LaTeX Font Info:    Overwriting math alphabet `\mathbf' in version `bold'
(Font)                  OT1/cmr/bx/n --> OT1/cmss/b/n on input line 15.
LaTeX Font Info:    Redeclaring math alphabet \mathsf on input line 15.
LaTeX Font Info:    Overwriting math alphabet `\mathsf' in version `normal'
(Font)                  OT1/cmss/m/n --> OT1/cmss/m/n on input line 15.
LaTeX Font Info:    Overwriting math alphabet `\mathsf' in version `bold'
(Font)                  OT1/cmss/bx/n --> OT1/cmss/m/n on input line 15.
LaTeX Font Info:    Redeclaring math alphabet \mathit on input line 15.
LaTeX Font Info:    Overwriting math alphabet `\mathit' in version `normal'
(Font)                  OT1/cmr/m/it --> OT1/cmss/m/it on input line 15.
LaTeX Font Info:    Overwriting math alphabet `\mathit' in version `bold'
(Font)                  OT1/cmr/bx/it --> OT1/cmss/m/it on input line 15.
LaTeX Font Info:    Redeclaring math alphabet \mathtt on input line 15.
LaTeX Font Info:    Overwriting math alphabet `\mathtt' in version `normal'
(Font)                  OT1/cmtt/m/n --> OT1/cmtt/m/n on input line 15.
LaTeX Font Info:    Overwriting math alphabet `\mathtt' in version `bold'
(Font)                  OT1/cmtt/m/n --> OT1/cmtt/m/n on input line 15.
LaTeX Font Info:    Overwriting symbol font `numbers' in version `bold'
(Font)                  OT1/cmss/m/n --> OT1/cmss/b/n on input line 15.
LaTeX Font Info:    Overwriting symbol font `pureletters' in version `bold'
(Font)                  OT1/cmss/m/it --> OT1/cmss/b/it on input line 15.
LaTeX Font Info:    Overwriting math alphabet `\mathrm' in version `bold'
(Font)                  OT1/cmss/b/n --> OT1/cmr/b/n on input line 15.
LaTeX Font Info:    Overwriting math alphabet `\mathbf' in version `bold'
(Font)                  OT1/cmss/b/n --> OT1/cmss/b/n on input line 15.
LaTeX Font Info:    Overwriting math alphabet `\mathsf' in version `bold'
(Font)                  OT1/cmss/m/n --> OT1/cmss/b/n on input line 15.
LaTeX Font Info:    Overwriting math alphabet `\mathit' in version `bold'
(Font)                  OT1/cmss/m/it --> OT1/cmss/b/it on input line 15.
LaTeX Font Info:    Overwriting math alphabet `\mathtt' in version `bold'
(Font)                  OT1/cmtt/m/n --> OT1/cmtt/b/n on input line 15.
LaTeX Font Info:    Redeclaring symbol font `pureletters' on input line 15.
LaTeX Font Info:    Overwriting symbol font `pureletters' in version `normal'
(Font)                  OT1/cmss/m/it --> OT1/mathkerncmss/m/sl on input line 1
5.
LaTeX Font Info:    Overwriting symbol font `pureletters' in version `bold'
(Font)                  OT1/cmss/b/it --> OT1/mathkerncmss/m/sl on input line 1
5.
LaTeX Font Info:    Overwriting symbol font `pureletters' in version `bold'
(Font)                  OT1/mathkerncmss/m/sl --> OT1/mathkerncmss/bx/sl on inp
ut line 15.

(/home/carlos/.miktex/texmfs/install/tex/latex/translator/translator-basic-dict
ionary-English.dict
Dictionary: translator-basic-dictionary, Language: English 
)
(/home/carlos/.miktex/texmfs/install/tex/latex/translator/translator-bibliograp
hy-dictionary-English.dict
Dictionary: translator-bibliography-dictionary, Language: English 
)
(/home/carlos/.miktex/texmfs/install/tex/latex/translator/translator-environmen
t-dictionary-English.dict
Dictionary: translator-environment-dictionary, Language: English 
)
(/home/carlos/.miktex/texmfs/install/tex/latex/translator/translator-months-dic
tionary-English.dict
Dictionary: translator-months-dictionary, Language: English 
)
(/home/carlos/.miktex/texmfs/install/tex/latex/translator/translator-numbers-di
ctionary-English.dict
Dictionary: translator-numbers-dictionary, Language: English 
)
(/home/carlos/.miktex/texmfs/install/tex/latex/translator/translator-theorem-di
ctionary-English.dict
Dictionary: translator-theorem-dictionary, Language: English 
)
LaTeX Info: Redefining \. on input line 15.
LaTeX Info: Redefining \% on input line 15.
 (presentacionFinal.nav)

Package hyperref Warning: Option `pdfauthor' has already been used,
(hyperref)                setting the option has no effect on input line 16.

[1

{/home/carlos/.miktex/texmfs/data/pdftex/config/pdftex.map}]
(presentacionFinal.toc
LaTeX Info: Redefining \. on input line 1.
LaTeX Info: Redefining \% on input line 1.
) [2

] [3

]
<images/paciente.png, id=200, 832.10875pt x 555.07375pt>
File: images/paciente.png Graphic file (type png)
<use images/paciente.png>
Package pdftex.def Info: images/paciente.png  used on input line 53.
(pdftex.def)             Requested size: 195.18513pt x 130.19672pt.
 [4

 <./images/paciente.png>]
<images/fondoblancoLandscape-1.png, id=246, 1496.59125pt x 1200.485pt>
File: images/fondoblancoLandscape-1.png Graphic file (type png)
<use images/fondoblancoLandscape-1.png>
Package pdftex.def Info: images/fondoblancoLandscape-1.png  used on input line 
73.
(pdftex.def)             Requested size: 125.47585pt x 100.63855pt.
LaTeX Font Info:    Trying to load font information for U+msa on input line 73.


(/home/carlos/.miktex/texmfs/install/tex/latex/amsfonts/umsa.fd
File: umsa.fd 2013/01/14 v3.01 AMS symbols A
)
LaTeX Font Info:    Trying to load font information for U+msb on input line 73.


(/home/carlos/.miktex/texmfs/install/tex/latex/amsfonts/umsb.fd
File: umsb.fd 2013/01/14 v3.01 AMS symbols B
)
LaTeX Font Info:    Trying to load font information for U+rsfs on input line 73
.

(/home/carlos/.miktex/texmfs/install/tex/latex/jknappen/ursfs.fd
File: ursfs.fd 1998/03/24 rsfs font definition file (jk)
)
LaTeX Font Info:    Trying to load font information for OT1+mathkerncmss on inp
ut line 73.

(/home/carlos/.miktex/texmfs/install/tex/latex/sansmathaccent/ot1mathkerncmss.f
d
File: ot1mathkerncmss.fd 2020/01/31 Fontinst v1.933 font definitions for OT1/ma
thkerncmss.
)
<images/reaccion.png, id=247, 677.53125pt x 442.65375pt>
File: images/reaccion.png Graphic file (type png)
<use images/reaccion.png>
Package pdftex.def Info: images/reaccion.png  used on input line 73.
(pdftex.def)             Requested size: 125.47585pt x 81.97746pt.
<images/estructuraEBT.png, id=250, 505.89pt x 245.91875pt>
File: images/estructuraEBT.png Graphic file (type png)
<use images/estructuraEBT.png>
Package pdftex.def Info: images/estructuraEBT.png  used on input line 73.
(pdftex.def)             Requested size: 125.47585pt x 60.99547pt.

Overfull \vbox (21.04971pt too high) detected at line 73
 []

[5

 <./images/fondoblancoLandscape-1.png> <./images/reaccion.png> <./images/estruc
turaEBT.png>] [6

] [7

] [8

] [9

]
<images/elctrometro.jpg, id=451, 1108.14pt x 831.105pt>
File: images/elctrometro.jpg Graphic file (type jpg)
<use images/elctrometro.jpg>
Package pdftex.def Info: images/elctrometro.jpg  used on input line 130.
(pdftex.def)             Requested size: 125.47585pt x 94.09766pt.
<images/TRS398Editado2.jpg, id=452, 1108.14pt x 831.105pt>
File: images/TRS398Editado2.jpg Graphic file (type jpg)
<use images/TRS398Editado2.jpg>
Package pdftex.def Info: images/TRS398Editado2.jpg  used on input line 130.
(pdftex.def)             Requested size: 125.47585pt x 94.09766pt.
<images/20200826_215214.jpg, id=453, 4047.12pt x 3035.34pt>
File: images/20200826_215214.jpg Graphic file (type jpg)
<use images/20200826_215214.jpg>
Package pdftex.def Info: images/20200826_215214.jpg  used on input line 130.
(pdftex.def)             Requested size: 125.47585pt x 94.06677pt.
 [10

 <./images/elctrometro.jpg> <./images/TRS398Editado2.jpg> <./images/20200826_21
5214.jpg>]
<images/peliculasIrradiadas.png, id=494, 638.385pt x 474.77374pt>
File: images/peliculasIrradiadas.png Graphic file (type png)
<use images/peliculasIrradiadas.png>
Package pdftex.def Info: images/peliculasIrradiadas.png  used on input line 139
.
(pdftex.def)             Requested size: 195.18513pt x 145.15714pt.
 [11

 <./images/peliculasIrradiadas.png>]
<images/peliculaCuadrado.png, id=535, 671.50874pt x 543.02875pt>
File: images/peliculaCuadrado.png Graphic file (type png)
<use images/peliculaCuadrado.png>
Package pdftex.def Info: images/peliculaCuadrado.png  used on input line 147.
(pdftex.def)             Requested size: 195.18513pt x 157.83888pt.
 [12

 <./images/peliculaCuadrado.png>]
<images/piramideTPS.png, id=576, 462.528pt x 346.896pt>
File: images/piramideTPS.png Graphic file (type png)
<use images/piramideTPS.png>
Package pdftex.def Info: images/piramideTPS.png  used on input line 166.
(pdftex.def)             Requested size: 125.47585pt x 94.1025pt.
<images/mamaTPS.png, id=577, 462.528pt x 346.896pt>
File: images/mamaTPS.png Graphic file (type png)
<use images/mamaTPS.png>
Package pdftex.def Info: images/mamaTPS.png  used on input line 166.
(pdftex.def)             Requested size: 125.47585pt x 94.1025pt.
<images/peliculaPiramide.png, id=578, 719.0865pt x 578.16pt>
File: images/peliculaPiramide.png Graphic file (type png)
<use images/peliculaPiramide.png>
Package pdftex.def Info: images/peliculaPiramide.png  used on input line 166.
(pdftex.def)             Requested size: 125.47585pt x 100.87956pt.
<images/peliculaMama.png, id=579, 724.8681pt x 580.3281pt>
File: images/peliculaMama.png Graphic file (type png)
<use images/peliculaMama.png>
Package pdftex.def Info: images/peliculaMama.png  used on input line 166.
(pdftex.def)             Requested size: 125.47585pt x 100.45204pt.
 [13

 <./images/piramideTPS.png> <./images/mamaTPS.png> <./images/peliculaPiramide.p
ng> <./images/peliculaMama.png>] [14

] [15

] [16

]
<images/calibracionMulti_2.png, id=738, 601.2864pt x 362.0727pt>
File: images/calibracionMulti_2.png Graphic file (type png)
<use images/calibracionMulti_2.png>
Package pdftex.def Info: images/calibracionMulti_2.png  used on input line 207.

(pdftex.def)             Requested size: 195.18513pt x 117.52858pt.
 [17

 <./images/calibracionMulti_2.png>]
<images/imagenPerfilMapaCeroHorizontal.png, id=778, 669.50125pt x 532.99126pt>
File: images/imagenPerfilMapaCeroHorizontal.png Graphic file (type png)
<use images/imagenPerfilMapaCeroHorizontal.png>
Package pdftex.def Info: images/imagenPerfilMapaCeroHorizontal.png  used on inp
ut line 228.
(pdftex.def)             Requested size: 125.47585pt x 99.88681pt.
<images/imagenPerfilMapaCeroVertical.png, id=779, 693.59125pt x 533.995pt>
File: images/imagenPerfilMapaCeroVertical.png Graphic file (type png)
<use images/imagenPerfilMapaCeroVertical.png>
Package pdftex.def Info: images/imagenPerfilMapaCeroVertical.png  used on input
 line 228.
(pdftex.def)             Requested size: 125.47585pt x 96.60384pt.
<images/perfilDosisCeroHorizontal.png, id=780, 462.528pt x 302.0886pt>
File: images/perfilDosisCeroHorizontal.png Graphic file (type png)
<use images/perfilDosisCeroHorizontal.png>
Package pdftex.def Info: images/perfilDosisCeroHorizontal.png  used on input li
ne 228.
(pdftex.def)             Requested size: 125.47585pt x 81.94759pt.
<images/perfilDosisCeroVerticalEnCentro.png, id=781, 462.528pt x 302.0886pt>
File: images/perfilDosisCeroVerticalEnCentro.png Graphic file (type png)
<use images/perfilDosisCeroVerticalEnCentro.png>
Package pdftex.def Info: images/perfilDosisCeroVerticalEnCentro.png  used on in
put line 228.
(pdftex.def)             Requested size: 125.47585pt x 81.94759pt.
 [18

 <./images/imagenPerfilMapaCeroHorizontal.png> <./images/imagenPerfilMapaCeroVe
rtical.png> <./images/perfilDosisCeroHorizontal.png> <./images/perfilDosisCeroV
erticalEnCentro.png>]
<images/mapaCuadradoConMulticanal.png, id=826, 669.50125pt x 532.99126pt>
File: images/mapaCuadradoConMulticanal.png Graphic file (type png)
<use images/mapaCuadradoConMulticanal.png>
Package pdftex.def Info: images/mapaCuadradoConMulticanal.png  used on input li
ne 241.
(pdftex.def)             Requested size: 125.47585pt x 99.88681pt.
<images/fondoCuadradoConLabel.png, id=827, 642.4pt x 419.5675pt>
File: images/fondoCuadradoConLabel.png Graphic file (type png)
<use images/fondoCuadradoConLabel.png>
Package pdftex.def Info: images/fondoCuadradoConLabel.png  used on input line 2
41.
(pdftex.def)             Requested size: 167.30397pt x 109.27063pt.

Overfull \vbox (8.9398pt too high) detected at line 241
 []

[19

 <./images/mapaCuadradoConMulticanal.png> <./images/fondoCuadradoConLabel.png>]
<images/perfilDosisCuadradoUnoSolo.png, id=869, 462.528pt x 302.0886pt>
File: images/perfilDosisCuadradoUnoSolo.png Graphic file (type png)
<use images/perfilDosisCuadradoUnoSolo.png>
Package pdftex.def Info: images/perfilDosisCuadradoUnoSolo.png  used on input l
ine 254.
(pdftex.def)             Requested size: 167.30397pt x 109.27267pt.
<images/perfilDosisCuadradoMulticanal.png, id=870, 462.528pt x 302.0886pt>
File: images/perfilDosisCuadradoMulticanal.png Graphic file (type png)
<use images/perfilDosisCuadradoMulticanal.png>
Package pdftex.def Info: images/perfilDosisCuadradoMulticanal.png  used on inpu
t line 254.
(pdftex.def)             Requested size: 167.30397pt x 109.27267pt.

Overfull \vbox (18.32771pt too high) detected at line 254
 []

[20

 <./images/perfilDosisCuadradoUnoSolo.png> <./images/perfilDosisCuadradoMultica
nal.png>]
<images/perfilPiramideNormalizado.png, id=911, 462.528pt x 302.0886pt>
File: images/perfilPiramideNormalizado.png Graphic file (type png)
<use images/perfilPiramideNormalizado.png>
Package pdftex.def Info: images/perfilPiramideNormalizado.png  used on input li
ne 275.
(pdftex.def)             Requested size: 125.47585pt x 81.94759pt.
<images/isodosisPiramide2.png, id=912, 597.23125pt x 462.72874pt>
File: images/isodosisPiramide2.png Graphic file (type png)
<use images/isodosisPiramide2.png>
Package pdftex.def Info: images/isodosisPiramide2.png  used on input line 275.
(pdftex.def)             Requested size: 125.47585pt x 97.2112pt.
<images/perfilDosisMama.png, id=913, 462.528pt x 302.0886pt>
File: images/perfilDosisMama.png Graphic file (type png)
<use images/perfilDosisMama.png>
Package pdftex.def Info: images/perfilDosisMama.png  used on input line 275.
(pdftex.def)             Requested size: 125.47585pt x 81.94759pt.
<images/curvasIsodosisMama.png, id=914, 576.1525pt x 452.69125pt>
File: images/curvasIsodosisMama.png Graphic file (type png)
<use images/curvasIsodosisMama.png>
Package pdftex.def Info: images/curvasIsodosisMama.png  used on input line 275.

(pdftex.def)             Requested size: 125.47585pt x 98.58388pt.
 [21

 <./images/perfilPiramideNormalizado.png> <./images/isodosisPiramide2.png> <./i
mages/perfilDosisMama.png> <./images/curvasIsodosisMama.png>]
<images/gammaPiramideCalor.png, id=957, 462.528pt x 302.0886pt>
File: images/gammaPiramideCalor.png Graphic file (type png)
<use images/gammaPiramideCalor.png>
Package pdftex.def Info: images/gammaPiramideCalor.png  used on input line 296.

(pdftex.def)             Requested size: 125.47585pt x 81.94759pt.
<images/histogramaGammaPiramide.png, id=958, 462.528pt x 302.0886pt>
File: images/histogramaGammaPiramide.png Graphic file (type png)
<use images/histogramaGammaPiramide.png>
Package pdftex.def Info: images/histogramaGammaPiramide.png  used on input line
 296.
(pdftex.def)             Requested size: 125.47585pt x 81.94759pt.
<images/gammaMama.png, id=959, 462.528pt x 302.0886pt>
File: images/gammaMama.png Graphic file (type png)
<use images/gammaMama.png>
Package pdftex.def Info: images/gammaMama.png  used on input line 296.
(pdftex.def)             Requested size: 125.47585pt x 81.94759pt.
<images/histogramaDosisMama.png, id=960, 462.528pt x 302.0886pt>
File: images/histogramaDosisMama.png Graphic file (type png)
<use images/histogramaDosisMama.png>
Package pdftex.def Info: images/histogramaDosisMama.png  used on input line 296
.
(pdftex.def)             Requested size: 125.47585pt x 81.94759pt.

[22

 <./images/gammaPiramideCalor.png> <./images/histogramaGammaPiramide.png> <./im
ages/gammaMama.png> <./images/histogramaDosisMama.png>] [23

]
(presentacionFinal.bbl
LaTeX Font Info:    Trying to load font information for TS1+cmss on input line 
10.

(/home/carlos/.miktex/texmfs/install/tex/latex/base/ts1cmss.fd
File: ts1cmss.fd 2019/12/16 v2.5j Standard LaTeX font definitions
)
Overfull \hbox (67.76833pt too wide) in paragraph at lines 30--32
\OT1/cmtt/m/n/12 el-[]magnetron-[]y-[]el-[]horno-[]microondas-[]viva-[]el-[]ing
enio/$[]\OT1/cmss/m/n/12 .  
 []

) [24

] [25


] [26


] [27


] [28


] [29


] [30


] [31


] [32


] [33


] [34


] [35


] [36


] [37


]
[38


] [39


] [40


] [41


]
\tf@nav=\write6
\openout6 = `presentacionFinal.nav'.

\tf@toc=\write7
\openout7 = `presentacionFinal.toc'.

\tf@snm=\write8
\openout8 = `presentacionFinal.snm'.

Package atveryend Info: Empty hook `BeforeClearDocument' on input line 321.
Package atveryend Info: Empty hook `AfterLastShipout' on input line 321.
 (presentacionFinal.aux
LaTeX Info: Redefining \. on input line 24.
LaTeX Info: Redefining \% on input line 24.
)
Package atveryend Info: Executing hook `AtVeryEndDocument' on input line 321.
Package atveryend Info: Executing hook `AtEndAfterFileList' on input line 321.
Package rerunfilecheck Info: File `presentacionFinal.out' has not changed.
(rerunfilecheck)             Checksum: 6AB1CF6BF4D458A6636405762046D708;819.
 ) 
Here is how much of TeX's memory you used:
 19701 strings out of 480897
 377031 string characters out of 2904517
 647807 words of memory out of 3000000
 34927 multiletter control sequences out of 15000+200000
 542572 words of font info for 62 fonts, out of 3000000 for 9000
 1141 hyphenation exceptions out of 8191
 58i,16n,67p,813b,569s stack positions out of 5000i,500n,10000p,200000b,50000s
 </home/carlos/.miktex/texmfs/data/fonts/pk/ljfour/jknappen/ec/dpi600/tcss120
0.pk></home/carlos/.miktex/texmfs/install/fonts/type1/public/amsfonts/cm/cmss10
.pfb></home/carlos/.miktex/texmfs/install/fonts/type1/public/amsfonts/cm/cmss12
.pfb></home/carlos/.miktex/texmfs/install/fonts/type1/public/amsfonts/cm/cmss17
.pfb></home/carlos/.miktex/texmfs/install/fonts/type1/public/amsfonts/cm/cmss8.
pfb></home/carlos/.miktex/texmfs/install/fonts/type1/public/amsfonts/cm/cmssi12
.pfb></home/carlos/.miktex/texmfs/install/fonts/type1/public/amsfonts/cm/cmtt12
.pfb></home/carlos/.miktex/texmfs/install/fonts/type1/public/amsfonts/symbols/m
sam10.pfb>
Output written on presentacionFinal.pdf (41 pages, 8241252 bytes).
PDF statistics:
 1864 PDF objects out of 2073 (max. 8388607)
 141 named destinations out of 1000 (max. 500000)
 303 words of extra memory for PDF output out of 10000 (max. 10000000)

